10:41:04.216 [main] INFO  testCases.TC_001_SearchFlight_Test - *****  Starting TC_001_SearchFlight_Test ***** 
10:41:07.189 [main] INFO  testCases.TC_001_SearchFlight_Test - ----Select the flight option----
10:41:12.593 [main] INFO  testCases.TC_001_SearchFlight_Test - ----Selected from city option----
10:41:16.362 [main] INFO  testCases.TC_001_SearchFlight_Test - ----Selected To city option----
10:41:17.026 [main] INFO  testCases.TC_001_SearchFlight_Test - ----Selected the month and year----
10:41:18.680 [main] INFO  testCases.TC_001_SearchFlight_Test - ----Selected the date----
10:41:20.630 [main] INFO  testCases.TC_001_SearchFlight_Test - ----Clicking the search flight button----
10:41:33.854 [main] INFO  testCases.TC_001_SearchFlight_Test - ----Clicked to search flight button----
10:41:35.074 [main] INFO  testCases.TC_001_SearchFlight_Test - ----Verified title page----
10:41:35.075 [main] INFO  testCases.TC_001_SearchFlight_Test - *****  Finished TC_001_SearchFlight_Test ***** 
11:45:44.949 [main] INFO  testCases.TC_001_SearchFlight_Test - *****  Starting TC_001_SearchFlight_Test ***** 
11:45:47.501 [main] INFO  testCases.TC_001_SearchFlight_Test - ----Select the flight option----
11:45:53.320 [main] INFO  testCases.TC_001_SearchFlight_Test - ----Selected from city option----
11:45:57.182 [main] INFO  testCases.TC_001_SearchFlight_Test - ----Selected To city option----
11:45:57.981 [main] INFO  testCases.TC_001_SearchFlight_Test - ----Selected the month and year----
11:45:59.742 [main] INFO  testCases.TC_001_SearchFlight_Test - ----Selected the date----
11:46:01.830 [main] INFO  testCases.TC_001_SearchFlight_Test - ----Clicking the search flight button----
11:46:15.016 [main] INFO  testCases.TC_001_SearchFlight_Test - ----Clicked to search flight button----
11:46:15.225 [main] INFO  testCases.TC_001_SearchFlight_Test - ----Verified title page----
11:46:15.226 [main] INFO  testCases.TC_001_SearchFlight_Test - *****  Finished TC_001_SearchFlight_Test ***** 
03:55:00.943 [main] INFO  testCases.TC_001_SearchFlight_Test - *****  Starting TC_001_SearchFlight_Test ***** 
03:56:41.476 [main] INFO  testCases.TC_001_SearchFlight_Test - *****  Starting TC_001_SearchFlight_Test ***** 
04:05:59.621 [main] INFO  testCases.TC_001_SearchFlight_Test - *****  Starting TC_001_SearchFlight_Test ***** 
04:06:05.161 [main] INFO  testCases.TC_001_SearchFlight_Test - ----Select the flight option----
04:06:19.793 [main] INFO  testCases.TC_001_SearchFlight_Test - ----Selected from city option----
04:08:09.797 [main] INFO  testCases.TC_001_SearchFlight_Test - *****  Starting TC_001_SearchFlight_Test ***** 
04:14:22.373 [main] INFO  testCases.TC_001_SearchFlight_Test - *****  Starting TC_001_SearchFlight_Test ***** 
04:14:25.797 [main] INFO  testCases.TC_001_SearchFlight_Test - ----Select the flight option----
04:16:43.782 [main] INFO  testCases.TC_001_SearchFlight_Test - *****  Starting TC_001_SearchFlight_Test ***** 
04:16:47.545 [main] INFO  testCases.TC_001_SearchFlight_Test - ----Select the flight option----
04:19:00.221 [main] INFO  testCases.TC_001_SearchFlight_Test - *****  Starting TC_001_SearchFlight_Test ***** 
04:19:05.168 [main] INFO  testCases.TC_001_SearchFlight_Test - ----Select the flight option----
04:19:10.114 [main] INFO  testCases.TC_001_SearchFlight_Test - ----Selected from city option----
04:19:12.317 [main] INFO  testCases.TC_001_SearchFlight_Test - ----Selected To city option----
04:20:29.502 [main] INFO  testCases.TC_001_SearchFlight_Test - *****  Starting TC_001_SearchFlight_Test ***** 
04:20:33.745 [main] INFO  testCases.TC_001_SearchFlight_Test - ----Select the flight option----
04:20:39.587 [main] INFO  testCases.TC_001_SearchFlight_Test - ----Selected from city option----
04:20:43.530 [main] INFO  testCases.TC_001_SearchFlight_Test - ----Selected To city option----
04:20:44.395 [main] INFO  testCases.TC_001_SearchFlight_Test - ----Selected the month and year----
04:20:46.570 [main] INFO  testCases.TC_001_SearchFlight_Test - ----Selected the date----
04:20:48.720 [main] INFO  testCases.TC_001_SearchFlight_Test - ----Clicking the search flight button----
04:20:59.102 [main] INFO  testCases.TC_001_SearchFlight_Test - ----Clicked to search flight button----
04:21:01.203 [main] INFO  testCases.TC_001_SearchFlight_Test - ----Verified title page----
04:21:01.204 [main] INFO  testCases.TC_001_SearchFlight_Test - *****  Finished TC_001_SearchFlight_Test ***** 
04:22:58.121 [main] INFO  testCases.TC_001_SearchFlight_Test - *****  Starting TC_001_SearchFlight_Test ***** 
04:23:02.967 [main] INFO  testCases.TC_001_SearchFlight_Test - ----Select the flight option----
04:23:07.789 [main] INFO  testCases.TC_001_SearchFlight_Test - ----Selected from city option----
04:23:11.769 [main] INFO  testCases.TC_001_SearchFlight_Test - ----Selected To city option----
04:23:12.492 [main] INFO  testCases.TC_001_SearchFlight_Test - ----Selected the month and year----
04:23:14.303 [main] INFO  testCases.TC_001_SearchFlight_Test - ----Selected the date----
04:23:16.590 [main] INFO  testCases.TC_001_SearchFlight_Test - ----Clicking the search flight button----
04:23:26.955 [main] INFO  testCases.TC_001_SearchFlight_Test - ----Clicked to search flight button----
04:23:27.415 [main] INFO  testCases.TC_001_SearchFlight_Test - ----Verified title page----
04:23:27.415 [main] INFO  testCases.TC_001_SearchFlight_Test - *****  Finished TC_001_SearchFlight_Test ***** 
10:00:55.057 [main] INFO  testCases.TC_001_SearchFlight_Test - *****  Starting TC_001_SearchFlight_Test ***** 
10:00:59.221 [main] INFO  testCases.TC_001_SearchFlight_Test - ----Select the flight option----
10:01:05.893 [main] INFO  testCases.TC_001_SearchFlight_Test - ----Selected from city option----
10:01:09.762 [main] INFO  testCases.TC_001_SearchFlight_Test - ----Selected To city option----
10:21:09.978 [main] INFO  testCases.TC_001_SearchFlight_Test - *****  Starting TC_001_SearchFlight_Test ***** 
10:21:14.198 [main] INFO  testCases.TC_001_SearchFlight_Test - ----Select the flight option----
10:21:19.554 [main] INFO  testCases.TC_001_SearchFlight_Test - ----Selected from city option----
10:21:23.617 [main] INFO  testCases.TC_001_SearchFlight_Test - ----Selected To city option----
10:21:24.092 [main] INFO  testCases.TC_001_SearchFlight_Test - ----Selected the month and year----
10:21:26.280 [main] INFO  testCases.TC_001_SearchFlight_Test - ----Selected the date----
10:30:26.250 [main] INFO  testCases.TC_001_SearchFlight_Test - *****  Starting TC_001_SearchFlight_Test ***** 
10:30:29.560 [main] INFO  testCases.TC_001_SearchFlight_Test - ----Select the flight option----
10:30:34.891 [main] INFO  testCases.TC_001_SearchFlight_Test - ----Selected from city option----
10:30:38.712 [main] INFO  testCases.TC_001_SearchFlight_Test - ----Selected To city option----
10:30:39.305 [main] INFO  testCases.TC_001_SearchFlight_Test - ----Selected the month and year----
10:30:41.292 [main] INFO  testCases.TC_001_SearchFlight_Test - ----Selected the date----
10:32:39.294 [main] INFO  testCases.TC_001_SearchFlight_Test - *****  Starting TC_001_SearchFlight_Test ***** 
10:32:42.060 [main] INFO  testCases.TC_001_SearchFlight_Test - ----Select the flight option----
10:32:48.675 [main] INFO  testCases.TC_001_SearchFlight_Test - ----Selected from city option----
10:32:52.669 [main] INFO  testCases.TC_001_SearchFlight_Test - ----Selected To city option----
10:32:53.205 [main] INFO  testCases.TC_001_SearchFlight_Test - ----Selected the month and year----
10:32:54.958 [main] INFO  testCases.TC_001_SearchFlight_Test - ----Selected the date----
10:32:56.742 [main] INFO  testCases.TC_001_SearchFlight_Test - ----Clicking the search flight button----
10:33:07.120 [main] INFO  testCases.TC_001_SearchFlight_Test - ----Clicked to search flight button----
10:36:19.938 [main] INFO  testCases.TC_001_SearchFlight_Test - *****  Starting TC_001_SearchFlight_Test ***** 
10:36:23.053 [main] INFO  testCases.TC_001_SearchFlight_Test - ----Select the flight option----
10:36:29.375 [main] INFO  testCases.TC_001_SearchFlight_Test - ----Selected from city option----
10:36:33.271 [main] INFO  testCases.TC_001_SearchFlight_Test - ----Selected To city option----
10:36:33.801 [main] INFO  testCases.TC_001_SearchFlight_Test - ----Selected the month and year----
10:36:35.455 [main] INFO  testCases.TC_001_SearchFlight_Test - ----Selected the date----
10:36:37.434 [main] INFO  testCases.TC_001_SearchFlight_Test - ----Clicking the search flight button----
10:36:54.544 [main] INFO  testCases.TC_001_SearchFlight_Test - ----Clicked to search flight button----
10:40:27.807 [main] INFO  testCases.TC_001_SearchFlight_Test - *****  Starting TC_001_SearchFlight_Test ***** 
10:40:30.708 [main] INFO  testCases.TC_001_SearchFlight_Test - ----Select the flight option----
10:40:37.084 [main] INFO  testCases.TC_001_SearchFlight_Test - ----Selected from city option----
10:40:40.963 [main] INFO  testCases.TC_001_SearchFlight_Test - ----Selected To city option----
10:40:41.521 [main] INFO  testCases.TC_001_SearchFlight_Test - ----Selected the month and year----
10:40:44.055 [main] INFO  testCases.TC_001_SearchFlight_Test - ----Selected the date----
10:40:45.892 [main] INFO  testCases.TC_001_SearchFlight_Test - ----Clicking the search flight button----
10:41:06.089 [main] INFO  testCases.TC_001_SearchFlight_Test - ----Clicked to search flight button----
10:41:06.108 [main] INFO  testCases.TC_001_SearchFlight_Test - ----Verified title page----
10:41:06.109 [main] INFO  testCases.TC_001_SearchFlight_Test - *****  Finished TC_001_SearchFlight_Test ***** 
